<?xml version="1.0" encoding="UTF-8"?>
<!-- Generated by org.testng.reporters.JUnitReportReporter -->
<testsuite hostname="ATMECSINLT-038" failures="0" tests="6" name="com.atmecs.testScripts.SelectFlight" time="85.537" errors="0" timestamp="18 Sep 2019 09:09:53 GMT" skipped="0">
  <testcase classname="com.atmecs.testScripts.SelectFlight" name="doHomePageFlow" time="15.697"/>
  <testcase classname="com.atmecs.testScripts.SelectFlight" name="doHomePageFlow" time="15.203"/>
  <testcase classname="com.atmecs.testScripts.SelectFlight" name="doHomePageFlow" time="15.272"/>
  <testcase classname="com.atmecs.testScripts.SelectFlight" name="doHomePageFlow" time="15.278"/>
  <testcase classname="com.atmecs.testScripts.SelectFlight" name="doHomePageFlow" time="15.318"/>
  <testcase classname="com.atmecs.testScripts.SelectFlight" name="checkSortingButtonFunctionality" time="8.769"/>
</testsuite> <!-- com.atmecs.testScripts.SelectFlight -->
