<?xml version="1.0" encoding="UTF-8"?>
<!-- Generated by org.testng.reporters.JUnitReportReporter -->
<testsuite hostname="ATMECSINLT-038" failures="0" tests="6" name="com.atmecs.testScripts.ChooseFlight" time="85.110" errors="0" timestamp="18 Sep 2019 13:34:20 GMT" skipped="0">
  <testcase classname="com.atmecs.testScripts.ChooseFlight" name="correctCityValidation" time="24.443"/>
  <testcase classname="com.atmecs.testScripts.ChooseFlight" name="homePageRedirection" time="0.014"/>
  <testcase classname="com.atmecs.testScripts.ChooseFlight" name="homePageCityInput" time="17.535"/>
  <testcase classname="com.atmecs.testScripts.ChooseFlight" name="homePageCityInput" time="17.569"/>
  <testcase classname="com.atmecs.testScripts.ChooseFlight" name="homePageCityInput" time="17.291"/>
  <testcase classname="com.atmecs.testScripts.ChooseFlight" name="isHomeDataCorrect" time="8.258"/>
</testsuite> <!-- com.atmecs.testScripts.ChooseFlight -->
