<?xml version="1.0" encoding="UTF-8"?>
<!-- Generated by org.testng.reporters.JUnitReportReporter -->
<testsuite hostname="ATMECSINLT-038" failures="0" tests="4" name="com.atmecs.testScripts.SelectFlight" time="62.049" errors="0" timestamp="18 Sep 2019 11:55:16 GMT" skipped="0">
  <testcase classname="com.atmecs.testScripts.SelectFlight" name="doHomePageFlow" time="17.891"/>
  <testcase classname="com.atmecs.testScripts.SelectFlight" name="doHomePageFlow" time="17.399"/>
  <testcase classname="com.atmecs.testScripts.SelectFlight" name="doHomePageFlow" time="17.904"/>
  <testcase classname="com.atmecs.testScripts.SelectFlight" name="checkSortingButtonFunctionality" time="8.855"/>
</testsuite> <!-- com.atmecs.testScripts.SelectFlight -->
