<?xml version="1.0" encoding="UTF-8"?>
<!-- Generated by org.testng.reporters.JUnitReportReporter -->
<testsuite hostname="ATMECSINLT-038" failures="0" tests="9" name="com.atmecs.testScripts.TravellersDetails" time="106.526" errors="0" timestamp="18 Sep 2019 09:09:53 GMT" skipped="0">
  <testcase classname="com.atmecs.testScripts.TravellersDetails" name="doPageFlow" time="15.283"/>
  <testcase classname="com.atmecs.testScripts.TravellersDetails" name="doPageFlow" time="15.230"/>
  <testcase classname="com.atmecs.testScripts.TravellersDetails" name="doPageFlow" time="15.442"/>
  <testcase classname="com.atmecs.testScripts.TravellersDetails" name="doPageFlow" time="15.271"/>
  <testcase classname="com.atmecs.testScripts.TravellersDetails" name="doPageFlow" time="15.323"/>
  <testcase classname="com.atmecs.testScripts.TravellersDetails" name="reviewBookingDetails" time="15.880"/>
  <testcase classname="com.atmecs.testScripts.TravellersDetails" name="validateFlightDetails" time="0.400"/>
  <testcase classname="com.atmecs.testScripts.TravellersDetails" name="checkFunctionalyInputBoxes" time="6.070"/>
  <testcase classname="com.atmecs.testScripts.TravellersDetails" name="setPassengersData" time="7.627"/>
</testsuite> <!-- com.atmecs.testScripts.TravellersDetails -->
