<?xml version="1.0" encoding="UTF-8"?>
<!-- Generated by org.testng.reporters.JUnitReportReporter -->
<testsuite hostname="ATMECSINLT-038" failures="0" tests="7" name="com.atmecs.testScripts.ChooseFlight" time="80.494" errors="0" timestamp="18 Sep 2019 09:09:53 GMT" skipped="0">
  <testcase classname="com.atmecs.testScripts.ChooseFlight" name="homePageRedirection" time="0.037"/>
  <testcase classname="com.atmecs.testScripts.ChooseFlight" name="homePageCityInput" time="15.382"/>
  <testcase classname="com.atmecs.testScripts.ChooseFlight" name="homePageCityInput" time="15.400"/>
  <testcase classname="com.atmecs.testScripts.ChooseFlight" name="homePageCityInput" time="15.414"/>
  <testcase classname="com.atmecs.testScripts.ChooseFlight" name="homePageCityInput" time="15.502"/>
  <testcase classname="com.atmecs.testScripts.ChooseFlight" name="homePageCityInput" time="15.644"/>
  <testcase classname="com.atmecs.testScripts.ChooseFlight" name="isHomeDataCorrect" time="3.115"/>
</testsuite> <!-- com.atmecs.testScripts.ChooseFlight -->
