<?xml version="1.0" encoding="UTF-8"?>
<!-- Generated by org.testng.reporters.JUnitReportReporter -->
<testsuite hostname="ATMECSINLT-038" failures="0" tests="9" name="com.atmecs.testScripts.TravellersDetails" time="117.886" errors="0" timestamp="18 Sep 2019 07:15:14 GMT" skipped="0">
  <testcase classname="com.atmecs.testScripts.TravellersDetails" name="doPageFlow" time="15.216"/>
  <testcase classname="com.atmecs.testScripts.TravellersDetails" name="doPageFlow" time="15.290"/>
  <testcase classname="com.atmecs.testScripts.TravellersDetails" name="doPageFlow" time="15.345"/>
  <testcase classname="com.atmecs.testScripts.TravellersDetails" name="doPageFlow" time="15.259"/>
  <testcase classname="com.atmecs.testScripts.TravellersDetails" name="doPageFlow" time="15.612"/>
  <testcase classname="com.atmecs.testScripts.TravellersDetails" name="reviewBookingDetails" time="15.552"/>
  <testcase classname="com.atmecs.testScripts.TravellersDetails" name="validateFlightDetails" time="0.524"/>
  <testcase classname="com.atmecs.testScripts.TravellersDetails" name="checkFunctionalyInputBoxes" time="6.044"/>
  <testcase classname="com.atmecs.testScripts.TravellersDetails" name="setPassengersData" time="19.044"/>
</testsuite> <!-- com.atmecs.testScripts.TravellersDetails -->
