<?xml version="1.0" encoding="UTF-8"?>
<!-- Generated by org.testng.reporters.JUnitReportReporter -->
<testsuite hostname="ATMECSINLT-038" failures="0" tests="4" name="com.atmecs.testScripts.SelectFlight" time="66.122" errors="0" timestamp="20 Sep 2019 09:50:52 GMT" skipped="0">
  <testcase classname="com.atmecs.testScripts.SelectFlight" name="doHomePageFlow" time="18.145"/>
  <testcase classname="com.atmecs.testScripts.SelectFlight" name="doHomePageFlow" time="17.983"/>
  <testcase classname="com.atmecs.testScripts.SelectFlight" name="doHomePageFlow" time="17.890"/>
  <testcase classname="com.atmecs.testScripts.SelectFlight" name="checkSortingButtonFunctionality" time="12.104"/>
</testsuite> <!-- com.atmecs.testScripts.SelectFlight -->
