<?xml version="1.0" encoding="UTF-8"?>
<!-- Generated by org.testng.reporters.JUnitReportReporter -->
<testsuite hostname="ATMECSINLT-038" failures="0" tests="7" name="com.atmecs.testScripts.TravellersDetails" time="102.828" errors="0" timestamp="20 Sep 2019 09:50:52 GMT" skipped="0">
  <testcase classname="com.atmecs.testScripts.TravellersDetails" name="doPageFlow" time="19.311"/>
  <testcase classname="com.atmecs.testScripts.TravellersDetails" name="doPageFlow" time="17.974"/>
  <testcase classname="com.atmecs.testScripts.TravellersDetails" name="doPageFlow" time="18.929"/>
  <testcase classname="com.atmecs.testScripts.TravellersDetails" name="reviewBookingDetails" time="20.423"/>
  <testcase classname="com.atmecs.testScripts.TravellersDetails" name="validateFlightDetails" time="1.011"/>
  <testcase classname="com.atmecs.testScripts.TravellersDetails" name="checkFunctionalyInputBoxes" time="6.175"/>
  <testcase classname="com.atmecs.testScripts.TravellersDetails" name="setPassengersData" time="19.005"/>
</testsuite> <!-- com.atmecs.testScripts.TravellersDetails -->
