<?xml version="1.0" encoding="UTF-8"?>
<!-- Generated by org.testng.reporters.JUnitReportReporter -->
<testsuite hostname="ATMECSINLT-038" failures="0" tests="6" name="com.atmecs.testScripts.SelectFlight" time="88.113" errors="0" timestamp="18 Sep 2019 07:15:14 GMT" skipped="0">
  <testcase classname="com.atmecs.testScripts.SelectFlight" name="doHomePageFlow" time="15.558"/>
  <testcase classname="com.atmecs.testScripts.SelectFlight" name="doHomePageFlow" time="15.239"/>
  <testcase classname="com.atmecs.testScripts.SelectFlight" name="doHomePageFlow" time="15.229"/>
  <testcase classname="com.atmecs.testScripts.SelectFlight" name="doHomePageFlow" time="15.266"/>
  <testcase classname="com.atmecs.testScripts.SelectFlight" name="doHomePageFlow" time="15.188"/>
  <testcase classname="com.atmecs.testScripts.SelectFlight" name="checkSortingButtonFunctionality" time="11.633"/>
</testsuite> <!-- com.atmecs.testScripts.SelectFlight -->
