<?xml version="1.0" encoding="UTF-8"?>
<!-- Generated by org.testng.reporters.JUnitReportReporter -->
<testsuite hostname="ATMECSINLT-038" failures="0" tests="6" name="com.atmecs.testScripts.ChooseFlight" time="89.330" errors="0" timestamp="20 Sep 2019 09:50:52 GMT" skipped="0">
  <testcase classname="com.atmecs.testScripts.ChooseFlight" name="homePageRedirection" time="0.032"/>
  <testcase classname="com.atmecs.testScripts.ChooseFlight" name="correctCityValidation" time="25.718"/>
  <testcase classname="com.atmecs.testScripts.ChooseFlight" name="homePageCityInput" time="19.589"/>
  <testcase classname="com.atmecs.testScripts.ChooseFlight" name="homePageCityInput" time="17.639"/>
  <testcase classname="com.atmecs.testScripts.ChooseFlight" name="homePageCityInput" time="18.011"/>
  <testcase classname="com.atmecs.testScripts.ChooseFlight" name="isHomeDataCorrect" time="8.341"/>
</testsuite> <!-- com.atmecs.testScripts.ChooseFlight -->
